[0615/082806:ERROR:gpu_info_collector_win.cc(103)] Can't retrieve a valid WinSAT assessment.
[0615/082806:ERROR:proxy_service_factory.cc(105)] Cannot use V8 Proxy resolver in single process mode.
[0615/082806:ERROR:command_buffer_proxy_impl.cc(156)] Failed to initialize command buffer service.
[0615/082806:ERROR:webgraphicscontext3d_command_buffer_impl.cc(394)] CommandBufferProxy::Initialize failed.
[0615/082806:ERROR:webgraphicscontext3d_command_buffer_impl.cc(413)] Failed to initialize command buffer.
[0615/082806:ERROR:command_buffer_proxy_impl.cc(156)] Failed to initialize command buffer service.
[0615/082806:ERROR:webgraphicscontext3d_command_buffer_impl.cc(394)] CommandBufferProxy::Initialize failed.
[0615/082806:ERROR:webgraphicscontext3d_command_buffer_impl.cc(413)] Failed to initialize command buffer.
[0615/082806:ERROR:command_buffer_proxy_impl.cc(156)] Failed to initialize command buffer service.
[0615/082806:ERROR:webgraphicscontext3d_command_buffer_impl.cc(394)] CommandBufferProxy::Initialize failed.
[0615/082806:ERROR:webgraphicscontext3d_command_buffer_impl.cc(413)] Failed to initialize command buffer.
[0615/082806:ERROR:command_buffer_proxy_impl.cc(156)] Failed to initialize command buffer service.
[0615/082806:ERROR:webgraphicscontext3d_command_buffer_impl.cc(394)] CommandBufferProxy::Initialize failed.
[0615/082806:ERROR:webgraphicscontext3d_command_buffer_impl.cc(413)] Failed to initialize command buffer.
[0615/082806:ERROR:command_buffer_proxy_impl.cc(156)] Failed to initialize command buffer service.
[0615/082806:ERROR:webgraphicscontext3d_command_buffer_impl.cc(394)] CommandBufferProxy::Initialize failed.
[0615/082806:ERROR:webgraphicscontext3d_command_buffer_impl.cc(413)] Failed to initialize command buffer.
[0615/082806:ERROR:command_buffer_proxy_impl.cc(156)] Failed to initialize command buffer service.
[0615/082806:ERROR:webgraphicscontext3d_command_buffer_impl.cc(394)] CommandBufferProxy::Initialize failed.
[0615/082806:ERROR:webgraphicscontext3d_command_buffer_impl.cc(413)] Failed to initialize command buffer.
[0615/082806:ERROR:command_buffer_proxy_impl.cc(156)] Failed to initialize command buffer service.
[0615/082806:ERROR:webgraphicscontext3d_command_buffer_impl.cc(394)] CommandBufferProxy::Initialize failed.
[0615/082806:ERROR:webgraphicscontext3d_command_buffer_impl.cc(413)] Failed to initialize command buffer.
[0615/082806:ERROR:command_buffer_proxy_impl.cc(156)] Failed to initialize command buffer service.
[0615/082806:ERROR:webgraphicscontext3d_command_buffer_impl.cc(394)] CommandBufferProxy::Initialize failed.
[0615/082806:ERROR:webgraphicscontext3d_command_buffer_impl.cc(413)] Failed to initialize command buffer.
[0615/082819:ERROR:gpu_info_collector_win.cc(103)] Can't retrieve a valid WinSAT assessment.
[0615/082833:ERROR:renderer_main.cc(227)] Running without renderer sandbox
[0615/091815:ERROR:renderer_main.cc(227)] Running without renderer sandbox
[0615/091815:INFO:CONSOLE(5)] "The value "device_width" for key "width" is invalid, and has been ignored.", source: http://127.0.0.1:8020/%e6%97%85%e6%b8%b8/index.html (5)
[0615/095958:ERROR:ipc_channel_win.cc(132)] pipe error: 109
